SuHeon/UnityVRProject/Library/Bee/Android/Prj/IL2CPP/Gradle/launcher/build/outputs/logs/manifest-merger-release-report.txt
-- Merging decision tree log ---
manifest
ADDED from src\main\AndroidManifest.xml:2:1-5:12
INJECTED from src\main\AndroidManifest.xml:2:1-5:12
INJECTED from src\main\AndroidManifest.xml:2:1-5:12
INJECTED from src\main\AndroidManifest.xml:2:1-5:12
MERGED from [:unityLibrary] AndroidManifest.xml:2:1-114:12
MERGED from [:arcore_client:] AndroidManifest.xml:17:1-49:12
MERGED from [:ARPresto:] AndroidManifest.xml:2:1-11:12
MERGED from [:UnityARCore:] AndroidManifest.xml:2:1-11:12
MERGED from [:unityandroidpermissions:] AndroidManifest.xml:6:1-15:12
MERGED from [:unityLibrary:xrmanifest.androidlib] AndroidManifest.xml:2:1-14:12
MERGED from [androidx.constraintlayout:constraintlayout:2.1.4] AndroidManifest.xml:2:1-11:12
MERGED from [androidx.appcompat:appcompat-resources:1.6.1] AndroidManifest.xml:17:1-22:12
MERGED from [androidx.appcompat:appcompat:1.6.1] AndroidManifest.xml:17:1-22:12
MERGED from [androidx.fragment:fragment:1.3.6] AndroidManifest.xml:17:1-24:12
MERGED from [androidx.activity:activity:1.6.0] AndroidManifest.xml:17:1-22:12
MERGED from [androidx.drawerlayout:drawerlayout:1.0.0] AndroidManifest.xml:17:1-22:12
MERGED from [androidx.emoji2:emoji2-views-helper:1.2.0] AndroidManifest.xml:2:1-7:12
MERGED from [androidx.emoji2:emoji2:1.2.0] AndroidManifest.xml:17:1-35:12
MERGED from [androidx.loader:loader:1.0.0] AndroidManifest.xml:17:1-22:12
MERGED from [androidx.lifecycle:lifecycle-viewmodel:2.5.1] AndroidManifest.xml:17:1-24:12
MERGED from [androidx.lifecycle:lifecycle-viewmodel-savedstate:2.5.1] AndroidManifest.xml:17:1-24:12
MERGED from [androidx.core:core-ktx:1.9.0] AndroidManifest.xml:2:1-7:12
MERGED from [androidx.vectordrawable:vectordrawable-animated:1.1.0] AndroidManifest.xml:17:1-24:12
MERGED from [androidx.vectordrawable:vectordrawable:1.1.0] AndroidManifest.xml:17:1-24:12
MERGED from [androidx.viewpager:viewpager:1.0.0] AndroidManifest.xml:17:1-22:12
MERGED from [androidx.customview:customview:1.0.0] AndroidManifest.xml:17:1-22:12
MERGED from [androidx.core:core:1.9.0] AndroidManifest.xml:17:1-30:12
MERGED from [androidx.games:games-activity:2.0.2] AndroidManifest.xml:2:1-9:12
MERGED from [androidx.games:games-frame-pacing:1.10.0] AndroidManifest.xml:1:1-3:12
MERGED from [androidx.cursoradapter:cursoradapter:1.0.0] AndroidManifest.xml:17:1-22:12
MERGED from [androidx.lifecycle:lifecycle-process:2.4.1] AndroidManifest.xml:17:1-37:12
MERGED from [androidx.lifecycle:lifecycle-runtime:2.5.1] AndroidManifest.xml:17:1-24:12
MERGED from [androidx.savedstate:savedstate:1.2.0] AndroidManifest.xml:17:1-24:12
MERGED from [androidx.versionedparcelable:versionedparcelable:1.1.1] AndroidManifest.xml:17:1-27:12
MERGED from [androidx.startup:startup-runtime:1.1.1] AndroidManifest.xml:17:1-33:12
MERGED from [androidx.tracing:tracing:1.0.0] AndroidManifest.xml:17:1-24:12
MERGED from [androidx.lifecycle:lifecycle-livedata:2.0.0] AndroidManifest.xml:17:1-22:12
MERGED from [androidx.lifecycle:lifecycle-livedata-core:2.5.1] AndroidManifest.xml:17:1-24:12
MERGED from [androidx.arch.core:core-runtime:2.1.0] AndroidManifest.xml:17:1-24:12
MERGED from [androidx.interpolator:interpolator:1.0.0] AndroidManifest.xml:17:1-22:12
MERGED from [androidx.annotation:annotation-experimental:1.3.0] AndroidManifest.xml:17:1-22:12
INJECTED from src\main\AndroidManifest.xml:2:1-5:12
INJECTED from src\main\AndroidManifest.xml:2:1-5:12
INJECTED from src\main\AndroidManifest.xml:2:1-5:12
	package
		INJECTED from src\main\AndroidManifest.xml
		ADDED from src\main\AndroidManifest.xml:2:1-5:12
		INJECTED from src\main\AndroidManifest.xml
	android:versionName
		INJECTED from src\main\AndroidManifest.xml
		ADDED from src\main\AndroidManifest.xml:2:1-5:12
		INJECTED from src\main\AndroidManifest.xml
	xmlns:tools
		ADDED from src\main\AndroidManifest.xml:2:111-157
	android:versionCode
		INJECTED from src\main\AndroidManifest.xml
		ADDED from src\main\AndroidManifest.xml:2:1-5:12
		INJECTED from src\main\AndroidManifest.xml
	xmlns:android
		ADDED from src\main\AndroidManifest.xml:2:52-110
	android:installLocation
		ADDED from src\main\AndroidManifest.xml:2:11-51
application
ADDED from src\main\AndroidManifest.xml:3:3-83
MERGED from [:unityLibrary] AndroidManifest.xml:39:5-112:19
MERGED from [:unityLibrary] AndroidManifest.xml:39:5-112:19
MERGED from [:arcore_client:] AndroidManifest.xml:33:5-47:19
MERGED from [:arcore_client:] AndroidManifest.xml:33:5-47:19
MERGED from [:unityLibrary:xrmanifest.androidlib] AndroidManifest.xml:9:5-12:19
MERGED from [:unityLibrary:xrmanifest.androidlib] AndroidManifest.xml:9:5-12:19
MERGED from [androidx.constraintlayout:constraintlayout:2.1.4] AndroidManifest.xml:9:5-20
MERGED from [androidx.constraintlayout:constraintlayout:2.1.4] AndroidManifest.xml:9:5-20
MERGED from [androidx.emoji2:emoji2:1.2.0] AndroidManifest.xml:23:5-33:19
MERGED from [androidx.emoji2:emoji2:1.2.0] AndroidManifest.xml:23:5-33:19
MERGED from [androidx.core:core:1.9.0] AndroidManifest.xml:28:5-89
MERGED from [androidx.core:core:1.9.0] AndroidManifest.xml:28:5-89
MERGED from [androidx.lifecycle:lifecycle-process:2.4.1] AndroidManifest.xml:25:5-35:19
MERGED from [androidx.lifecycle:lifecycle-process:2.4.1] AndroidManifest.xml:25:5-35:19
MERGED from [androidx.versionedparcelable:versionedparcelable:1.1.1] AndroidManifest.xml:24:5-25:19
MERGED from [androidx.versionedparcelable:versionedparcelable:1.1.1] AndroidManifest.xml:24:5-25:19
MERGED from [androidx.startup:startup-runtime:1.1.1] AndroidManifest.xml:25:5-31:19
MERGED from [androidx.startup:startup-runtime:1.1.1] AndroidManifest.xml:25:5-31:19
	android:extractNativeLibs
		ADDED from [:unityLibrary] AndroidManifest.xml:39:18-50
	android:appComponentFactory
		ADDED from [androidx.core:core:1.9.0] AndroidManifest.xml:28:18-86
	android:label
		ADDED from src\main\AndroidManifest.xml:3:48-80
	android:icon
		ADDED from src\main\AndroidManifest.xml:3:16-47
supports-screens
ADDED from src\main\AndroidManifest.xml:4:3-163
	android:largeScreens
		ADDED from src\main\AndroidManifest.xml:4:78-105
	android:smallScreens
		ADDED from src\main\AndroidManifest.xml:4:21-48
	android:normalScreens
		ADDED from src\main\AndroidManifest.xml:4:49-77
	android:xlargeScreens
		ADDED from src\main\AndroidManifest.xml:4:106-134
	android:anyDensity
		ADDED from src\main\AndroidManifest.xml:4:135-160
uses-sdk
INJECTED from src\main\AndroidManifest.xml reason: use-sdk injection requested
INJECTED from src\main\AndroidManifest.xml
INJECTED from src\main\AndroidManifest.xml
MERGED from [:unityLibrary] AndroidManifest.xml:6:5-8:41
MERGED from [:unityLibrary] AndroidManifest.xml:6:5-8:41
MERGED from [:arcore_client:] AndroidManifest.xml:25:5-27:41
MERGED from [:arcore_client:] AndroidManifest.xml:25:5-27:41
MERGED from [:ARPresto:] AndroidManifest.xml:7:5-9:41
MERGED from [:ARPresto:] AndroidManifest.xml:7:5-9:41
MERGED from [:UnityARCore:] AndroidManifest.xml:7:5-9:41
MERGED from [:UnityARCore:] AndroidManifest.xml:7:5-9:41
MERGED from [:unityandroidpermissions:] AndroidManifest.xml:11:5-13:41
MERGED from [:unityandroidpermissions:] AndroidManifest.xml:11:5-13:41
MERGED from [:unityLibrary:xrmanifest.androidlib] AndroidManifest.xml:5:5-7:41
MERGED from [:unityLibrary:xrmanifest.androidlib] AndroidManifest.xml:5:5-7:41
MERGED from [androidx.constraintlayout:constraintlayout:2.1.4] AndroidManifest.xml:5:5-7:41
MERGED from [androidx.constraintlayout:constraintlayout:2.1.4] AndroidManifest.xml:5:5-7:41
MERGED from [androidx.appcompat:appcompat-resources:1.6.1] AndroidManifest.xml:20:5-44
MERGED from [androidx.appcompat:appcompat-resources:1.6.1] AndroidManifest.xml:20:5-44
MERGED from [androidx.appcompat:appcompat:1.6.1] AndroidManifest.xml:20:5-44
MERGED from [androidx.appcompat:appcompat:1.6.1] AndroidManifest.xml:20:5-44
MERGED from [androidx.fragment:fragment:1.3.6] AndroidManifest.xml:20:5-22:41
MERGED from [androidx.fragment:fragment:1.3.6] AndroidManifest.xml:20:5-22:41
MERGED from [androidx.activity:activity:1.6.0] AndroidManifest.xml:20:5-44
MERGED from [androidx.activity:activity:1.6.0] AndroidManifest.xml:20:5-44
MERGED from [androidx.drawerlayout:drawerlayout:1.0.0] AndroidManifest.xml:20:5-44
MERGED from [androidx.drawerlayout:drawerlayout:1.0.0] AndroidManifest.xml:20:5-44
MERGED from [androidx.emoji2:emoji2-views-helper:1.2.0] AndroidManifest.xml:5:5-44
MERGED from [androidx.emoji2:emoji2-views-helper:1.2.0] AndroidManifest.xml:5:5-44
MERGED from [androidx.emoji2:emoji2:1.2.0] AndroidManifest.xml:21:5-44
MERGED from [androidx.emoji2:emoji2:1.2.0] AndroidManifest.xml:21:5-44
MERGED from [androidx.loader:loader:1.0.0] AndroidManifest.xml:20:5-44
MERGED from [androidx.loader:loader:1.0.0] AndroidManifest.xml:20:5-44
MERGED from [androidx.lifecycle:lifecycle-viewmodel:2.5.1] AndroidManifest.xml:20:5-22:41
MERGED from [androidx.lifecycle:lifecycle-viewmodel:2.5.1] AndroidManifest.xml:20:5-22:41
MERGED from [androidx.lifecycle:lifecycle-viewmodel-savedstate:2.5.1] AndroidManifest.xml:20:5-22:41
MERGED from [androidx.lifecycle:lifecycle-viewmodel-savedstate:2.5.1] AndroidManifest.xml:20:5-22:41
MERGED from [androidx.core:core-ktx:1.9.0] AndroidManifest.xml:5:5-44
MERGED from [androidx.core:core-ktx:1.9.0] AndroidManifest.xml:5:5-44
MERGED from [androidx.vectordrawable:vectordrawable-animated:1.1.0] AndroidManifest.xml:20:5-22:41
MERGED from [androidx.vectordrawable:vectordrawable-animated:1.1.0] AndroidManifest.xml:20:5-22:41
MERGED from [androidx.vectordrawable:vectordrawable:1.1.0] AndroidManifest.xml:20:5-22:41
MERGED from [androidx.vectordrawable:vectordrawable:1.1.0] AndroidManifest.xml:20:5-22:41
MERGED from [androidx.viewpager:viewpager:1.0.0] AndroidManifest.xml:20:5-44
MERGED from [androidx.viewpager:viewpager:1.0.0] AndroidManifest.xml:20:5-44
MERGED from [androidx.customview:customview:1.0.0] AndroidManifest.xml:20:5-44
MERGED from [androidx.customview:customview:1.0.0] AndroidManifest.xml:20:5-44
MERGED from [androidx.core:core:1.9.0] AndroidManifest.xml:20:5-44
MERGED from [androidx.core:core:1.9.0] AndroidManifest.xml:20:5-44
MERGED from [androidx.games:games-activity:2.0.2] AndroidManifest.xml:5:5-7:41
MERGED from [androidx.games:games-activity:2.0.2] AndroidManifest.xml:5:5-7:41
MERGED from [androidx.games:games-frame-pacing:1.10.0] AndroidManifest.xml:2:2-70
MERGED from [androidx.games:games-frame-pacing:1.10.0] AndroidManifest.xml:2:2-70
MERGED from [androidx.cursoradapter:cursoradapter:1.0.0] AndroidManifest.xml:20:5-44
MERGED from [androidx.cursoradapter:cursoradapter:1.0.0] AndroidManifest.xml:20:5-44
MERGED from [androidx.lifecycle:lifecycle-process:2.4.1] AndroidManifest.xml:21:5-23:41
MERGED from [androidx.lifecycle:lifecycle-process:2.4.1] AndroidManifest.xml:21:5-23:41
MERGED from [androidx.lifecycle:lifecycle-runtime:2.5.1] AndroidManifest.xml:20:5-22:41
MERGED from [androidx.lifecycle:lifecycle-runtime:2.5.1] AndroidManifest.xml:20:5-22:41
MERGED from [androidx.savedstate:savedstate:1.2.0] AndroidManifest.xml:20:5-22:41
MERGED from [androidx.savedstate:savedstate:1.2.0] AndroidManifest.xml:20:5-22:41
MERGED from [androidx.versionedparcelable:versionedparcelable:1.1.1] AndroidManifest.xml:20:5-22:41
MERGED from [androidx.versionedparcelable:versionedparcelable:1.1.1] AndroidManifest.xml:20:5-22:41
MERGED from [androidx.startup:startup-runtime:1.1.1] AndroidManifest.xml:21:5-23:41
MERGED from [androidx.startup:startup-runtime:1.1.1] AndroidManifest.xml:21:5-23:41
MERGED from [androidx.tracing:tracing:1.0.0] AndroidManifest.xml:20:5-22:41
MERGED from [androidx.tracing:tracing:1.0.0] AndroidManifest.xml:20:5-22:41
MERGED from [androidx.lifecycle:lifecycle-livedata:2.0.0] AndroidManifest.xml:20:5-44
MERGED from [androidx.lifecycle:lifecycle-livedata:2.0.0] AndroidManifest.xml:20:5-44
MERGED from [androidx.lifecycle:lifecycle-livedata-core:2.5.1] AndroidManifest.xml:20:5-22:41
MERGED from [androidx.lifecycle:lifecycle-livedata-core:2.5.1] AndroidManifest.xml:20:5-22:41
MERGED from [androidx.arch.core:core-runtime:2.1.0] AndroidManifest.xml:20:5-22:41
MERGED from [androidx.arch.core:core-runtime:2.1.0] AndroidManifest.xml:20:5-22:41
MERGED from [androidx.interpolator:interpolator:1.0.0] AndroidManifest.xml:20:5-44
MERGED from [androidx.interpolator:interpolator:1.0.0] AndroidManifest.xml:20:5-44
MERGED from [androidx.annotation:annotation-experimental:1.3.0] AndroidManifest.xml:20:5-44
MERGED from [androidx.annotation:annotation-experimental:1.3.0] AndroidManifest.xml:20:5-44
INJECTED from src\main\AndroidManifest.xml
INJECTED from src\main\AndroidManifest.xml
	android:targetSdkVersion
		INJECTED from src\main\AndroidManifest.xml
		ADDED from src\main\AndroidManifest.xml
		INJECTED from src\main\AndroidManifest.xml
	android:minSdkVersion
		INJECTED from src\main\AndroidManifest.xml
		ADDED from src\main\AndroidManifest.xml
		INJECTED from src\main\AndroidManifest.xml
uses-permission#android.permission.INTERNET
ADDED from [:unityLibrary] AndroidManifest.xml:10:5-67
	android:name
		ADDED from [:unityLibrary] AndroidManifest.xml:10:22-64
uses-permission#android.permission.CAMERA
ADDED from [:unityLibrary] AndroidManifest.xml:11:5-65
	android:name
		ADDED from [:unityLibrary] AndroidManifest.xml:11:22-62
uses-feature#0x00030000
ADDED from [:unityLibrary] AndroidManifest.xml:13:5-54
	android:glEsVersion
		ADDED from [:unityLibrary] AndroidManifest.xml:13:19-51
uses-feature#android.hardware.camera
ADDED from [:unityLibrary] AndroidManifest.xml:14:5-16:36
	android:required
		ADDED from [:unityLibrary] AndroidManifest.xml:16:9-33
	android:name
		ADDED from [:unityLibrary] AndroidManifest.xml:15:9-47
uses-feature#android.hardware.camera.autofocus
ADDED from [:unityLibrary] AndroidManifest.xml:17:5-19:36
	android:required
		ADDED from [:unityLibrary] AndroidManifest.xml:19:9-33
	android:name
		ADDED from [:unityLibrary] AndroidManifest.xml:18:9-57
uses-feature#android.hardware.camera.front
ADDED from [:unityLibrary] AndroidManifest.xml:20:5-22:36
	android:required
		ADDED from [:unityLibrary] AndroidManifest.xml:22:9-33
	android:name
		ADDED from [:unityLibrary] AndroidManifest.xml:21:9-53
uses-feature#android.hardware.touchscreen
ADDED from [:unityLibrary] AndroidManifest.xml:23:5-25:36
	android:required
		ADDED from [:unityLibrary] AndroidManifest.xml:25:9-33
	android:name
		ADDED from [:unityLibrary] AndroidManifest.xml:24:9-52
uses-feature#android.hardware.touchscreen.multitouch
ADDED from [:unityLibrary] AndroidManifest.xml:26:5-28:36
	android:required
		ADDED from [:unityLibrary] AndroidManifest.xml:28:9-33
	android:name
		ADDED from [:unityLibrary] AndroidManifest.xml:27:9-63
uses-feature#android.hardware.touchscreen.multitouch.distinct
ADDED from [:unityLibrary] AndroidManifest.xml:29:5-31:36
	android:required
		ADDED from [:unityLibrary] AndroidManifest.xml:31:9-33
	android:name
		ADDED from [:unityLibrary] AndroidManifest.xml:30:9-72
uses-feature#android.hardware.camera.ar
ADDED from [:unityLibrary] AndroidManifest.xml:32:5-34:35
	android:required
		ADDED from [:unityLibrary] AndroidManifest.xml:34:9-32
	android:name
		ADDED from [:unityLibrary] AndroidManifest.xml:33:9-50
uses-feature#com.google.ar.core.depth
ADDED from [:unityLibrary] AndroidManifest.xml:35:5-37:35
	android:required
		ADDED from [:unityLibrary] AndroidManifest.xml:37:9-32
	android:name
		ADDED from [:unityLibrary] AndroidManifest.xml:36:9-48
meta-data#unity.splash-mode
ADDED from [:unityLibrary] AndroidManifest.xml:40:9-42:33
	android:value
		ADDED from [:unityLibrary] AndroidManifest.xml:42:13-30
	android:name
		ADDED from [:unityLibrary] AndroidManifest.xml:41:13-45
meta-data#unity.splash-enable
ADDED from [:unityLibrary] AndroidManifest.xml:43:9-45:36
	android:value
		ADDED from [:unityLibrary] AndroidManifest.xml:45:13-33
	android:name
		ADDED from [:unityLibrary] AndroidManifest.xml:44:13-47
meta-data#unity.launch-fullscreen
ADDED from [:unityLibrary] AndroidManifest.xml:46:9-48:36
	android:value
		ADDED from [:unityLibrary] AndroidManifest.xml:48:13-33
	android:name
		ADDED from [:unityLibrary] AndroidManifest.xml:47:13-51
meta-data#notch.config
ADDED from [:unityLibrary] AndroidManifest.xml:49:9-51:50
	android:value
		ADDED from [:unityLibrary] AndroidManifest.xml:51:13-47
	android:name
		ADDED from [:unityLibrary] AndroidManifest.xml:50:13-40
meta-data#unity.auto-report-fully-drawn
ADDED from [:unityLibrary] AndroidManifest.xml:52:9-54:36
	android:value
		ADDED from [:unityLibrary] AndroidManifest.xml:54:13-33
	android:name
		ADDED from [:unityLibrary] AndroidManifest.xml:53:13-57
meta-data#unity.strip-engine-code
ADDED from [:unityLibrary] AndroidManifest.xml:55:9-57:36
	android:value
		ADDED from [:unityLibrary] AndroidManifest.xml:57:13-33
	android:name
		ADDED from [:unityLibrary] AndroidManifest.xml:56:13-51
activity#com.unity3d.player.UnityPlayerActivity
ADDED from [:unityLibrary] AndroidManifest.xml:59:9-78:20
MERGED from [:unityLibrary:xrmanifest.androidlib] AndroidManifest.xml:10:9-11:20
MERGED from [:unityLibrary:xrmanifest.androidlib] AndroidManifest.xml:10:9-11:20
	android:screenOrientation
		ADDED from [:unityLibrary] AndroidManifest.xml:67:13-50
	android:enabled
		ADDED from [:unityLibrary] AndroidManifest.xml:62:13-36
	android:launchMode
		ADDED from [:unityLibrary] AndroidManifest.xml:65:13-44
	android:hardwareAccelerated
		ADDED from [:unityLibrary] AndroidManifest.xml:64:13-48
	android:exported
		ADDED from [:unityLibrary] AndroidManifest.xml:63:13-36
	android:resizeableActivity
		ADDED from [:unityLibrary] AndroidManifest.xml:66:13-47
	android:configChanges
		ADDED from [:unityLibrary] AndroidManifest.xml:61:13-194
	android:theme
		ADDED from [:unityLibrary] AndroidManifest.xml:68:13-54
	android:name
		ADDED from [:unityLibrary] AndroidManifest.xml:60:13-66
intent-filter#action:name:android.intent.action.MAIN+category:name:android.intent.category.LAUNCHER
ADDED from [:unityLibrary] AndroidManifest.xml:69:13-73:29
category#android.intent.category.LAUNCHER
ADDED from [:unityLibrary] AndroidManifest.xml:70:17-77
	android:name
		ADDED from [:unityLibrary] AndroidManifest.xml:70:27-74
action#android.intent.action.MAIN
ADDED from [:unityLibrary] AndroidManifest.xml:72:17-69
	android:name
		ADDED from [:unityLibrary] AndroidManifest.xml:72:25-66
meta-data#unityplayer.UnityActivity
ADDED from [:unityLibrary] AndroidManifest.xml:75:13-77:40
	android:value
		ADDED from [:unityLibrary] AndroidManifest.xml:77:17-37
	android:name
		ADDED from [:unityLibrary] AndroidManifest.xml:76:17-57
activity#com.unity3d.player.UnityPlayerGameActivity
ADDED from [:unityLibrary] AndroidManifest.xml:79:9-104:20
	android:screenOrientation
		ADDED from [:unityLibrary] AndroidManifest.xml:87:13-50
	android:enabled
		ADDED from [:unityLibrary] AndroidManifest.xml:82:13-35
	android:launchMode
		ADDED from [:unityLibrary] AndroidManifest.xml:85:13-44
	android:hardwareAccelerated
		ADDED from [:unityLibrary] AndroidManifest.xml:84:13-48
	android:exported
		ADDED from [:unityLibrary] AndroidManifest.xml:83:13-36
	android:resizeableActivity
		ADDED from [:unityLibrary] AndroidManifest.xml:86:13-47
	android:configChanges
		ADDED from [:unityLibrary] AndroidManifest.xml:81:13-194
	android:theme
		ADDED from [:unityLibrary] AndroidManifest.xml:88:13-62
	android:name
		ADDED from [:unityLibrary] AndroidManifest.xml:80:13-70
meta-data#android.app.lib_name
ADDED from [:unityLibrary] AndroidManifest.xml:98:13-100:40
	android:value
		ADDED from [:unityLibrary] AndroidManifest.xml:100:17-37
	android:name
		ADDED from [:unityLibrary] AndroidManifest.xml:99:17-52
meta-data#notch_support
ADDED from [:unityLibrary] AndroidManifest.xml:101:13-103:40
	android:value
		ADDED from [:unityLibrary] AndroidManifest.xml:103:17-37
	android:name
		ADDED from [:unityLibrary] AndroidManifest.xml:102:17-45
meta-data#unityplayer.SkipPermissionsDialog
ADDED from [:unityLibrary] AndroidManifest.xml:106:9-108:36
	android:value
		ADDED from [:unityLibrary] AndroidManifest.xml:108:13-33
	android:name
		ADDED from [:unityLibrary] AndroidManifest.xml:107:13-61
meta-data#com.google.ar.core
ADDED from [:unityLibrary] AndroidManifest.xml:109:9-111:40
	android:value
		ADDED from [:unityLibrary] AndroidManifest.xml:111:13-37
	android:name
		ADDED from [:unityLibrary] AndroidManifest.xml:110:13-46
queries
ADDED from [:arcore_client:] AndroidManifest.xml:29:5-31:15
package#com.google.ar.core
ADDED from [:arcore_client:] AndroidManifest.xml:30:9-54
	android:name
		ADDED from [:arcore_client:] AndroidManifest.xml:30:18-51
meta-data#com.google.ar.core.min_apk_version
ADDED from [:arcore_client:] AndroidManifest.xml:36:9-38:41
	android:value
		ADDED from [:arcore_client:] AndroidManifest.xml:38:13-38
	android:name
		ADDED from [:arcore_client:] AndroidManifest.xml:37:13-62
activity#com.google.ar.core.InstallActivity
ADDED from [:arcore_client:] AndroidManifest.xml:40:9-46:80
	android:excludeFromRecents
		ADDED from [:arcore_client:] AndroidManifest.xml:43:13-46
	android:launchMode
		ADDED from [:arcore_client:] AndroidManifest.xml:45:13-43
	android:exported
		ADDED from [:arcore_client:] AndroidManifest.xml:44:13-37
	android:configChanges
		ADDED from [:arcore_client:] AndroidManifest.xml:42:13-74
	android:theme
		ADDED from [:arcore_client:] AndroidManifest.xml:46:13-77
	android:name
		ADDED from [:arcore_client:] AndroidManifest.xml:41:13-62
provider#androidx.startup.InitializationProvider
ADDED from [androidx.emoji2:emoji2:1.2.0] AndroidManifest.xml:24:9-32:20
MERGED from [androidx.lifecycle:lifecycle-process:2.4.1] AndroidManifest.xml:26:9-34:20
MERGED from [androidx.lifecycle:lifecycle-process:2.4.1] AndroidManifest.xml:26:9-34:20
MERGED from [androidx.startup:startup-runtime:1.1.1] AndroidManifest.xml:26:9-30:34
MERGED from [androidx.startup:startup-runtime:1.1.1] AndroidManifest.xml:26:9-30:34
	tools:node
		ADDED from [androidx.emoji2:emoji2:1.2.0] AndroidManifest.xml:28:13-31
	android:authorities
		ADDED from [androidx.emoji2:emoji2:1.2.0] AndroidManifest.xml:26:13-68
	android:exported
		ADDED from [androidx.emoji2:emoji2:1.2.0] AndroidManifest.xml:27:13-37
	android:name
		ADDED from [androidx.emoji2:emoji2:1.2.0] AndroidManifest.xml:25:13-67
meta-data#androidx.emoji2.text.EmojiCompatInitializer
ADDED from [androidx.emoji2:emoji2:1.2.0] AndroidManifest.xml:29:13-31:52
	android:value
		ADDED from [androidx.emoji2:emoji2:1.2.0] AndroidManifest.xml:31:17-49
	android:name
		ADDED from [androidx.emoji2:emoji2:1.2.0] AndroidManifest.xml:30:17-75
permission#${applicationId}.DYNAMIC_RECEIVER_NOT_EXPORTED_PERMISSION
ADDED from [androidx.core:core:1.9.0] AndroidManifest.xml:22:5-24:47
	android:protectionLevel
		ADDED from [androidx.core:core:1.9.0] AndroidManifest.xml:24:9-44
	android:name
		ADDED from [androidx.core:core:1.9.0] AndroidManifest.xml:23:9-81
permission#com.DefaultCompany.Myproject1.DYNAMIC_RECEIVER_NOT_EXPORTED_PERMISSION
ADDED from [androidx.core:core:1.9.0] AndroidManifest.xml:22:5-24:47
	android:protectionLevel
		ADDED from [androidx.core:core:1.9.0] AndroidManifest.xml:24:9-44
	android:name
		ADDED from [androidx.core:core:1.9.0] AndroidManifest.xml:23:9-81
uses-permission#${applicationId}.DYNAMIC_RECEIVER_NOT_EXPORTED_PERMISSION
ADDED from [androidx.core:core:1.9.0] AndroidManifest.xml:26:5-97
	android:name
		ADDED from [androidx.core:core:1.9.0] AndroidManifest.xml:26:22-94
uses-permission#com.DefaultCompany.Myproject1.DYNAMIC_RECEIVER_NOT_EXPORTED_PERMISSION
ADDED from [androidx.core:core:1.9.0] AndroidManifest.xml:26:5-97
	android:name
		ADDED from [androidx.core:core:1.9.0] AndroidManifest.xml:26:22-94
meta-data#androidx.lifecycle.ProcessLifecycleInitializer
ADDED from [androidx.lifecycle:lifecycle-process:2.4.1] AndroidManifest.xml:31:13-33:52
	android:value
		ADDED from [androidx.lifecycle:lifecycle-process:2.4.1] AndroidManifest.xml:33:17-49
	android:name
		ADDED from [androidx.lifecycle:lifecycle-process:2.4.1] AndroidManifest.xml:32:17-78